::1 - - [07/Jun/2022:11:48:08 +0000] "POST /api/login HTTP/1.1" 200 259 "-" "PostmanRuntime/7.29.0"
::1 - - [07/Jun/2022:11:51:18 +0000] "POST /api/add/restaurant HTTP/1.1" 201 271 "-" "PostmanRuntime/7.29.0"
::1 - - [07/Jun/2022:12:10:50 +0000] "POST /api/add/629f327373deb0295c476d04/foodItem HTTP/1.1" 500 88 "-" "PostmanRuntime/7.29.0"
::1 - - [07/Jun/2022:12:13:14 +0000] "POST /api/add/629f327373deb0295c476d04/foodItem HTTP/1.1" 500 92 "-" "PostmanRuntime/7.29.0"
::1 - - [07/Jun/2022:12:16:52 +0000] "POST /api/add/629f327373deb0295c476d04/foodItem HTTP/1.1" 500 66 "-" "PostmanRuntime/7.29.0"
::1 - - [07/Jun/2022:12:17:47 +0000] "POST /api/add/629f327373deb0295c476d04/foodItem HTTP/1.1" 500 54 "-" "PostmanRuntime/7.29.0"
::1 - - [07/Jun/2022:12:18:02 +0000] "POST /api/add/629f327373deb0295c476d04/foodItem HTTP/1.1" 500 54 "-" "PostmanRuntime/7.29.0"
::1 - - [07/Jun/2022:12:19:41 +0000] "POST /api/add/629f327373deb0295c476d04/foodItem HTTP/1.1" 500 54 "-" "PostmanRuntime/7.29.0"
::1 - - [07/Jun/2022:12:20:33 +0000] "POST /api/add/629f327373deb0295c476d04/foodItem HTTP/1.1" 500 66 "-" "PostmanRuntime/7.29.0"
::1 - - [07/Jun/2022:12:21:02 +0000] "POST /api/add/629f327373deb0295c476d04/foodItem HTTP/1.1" 500 92 "-" "PostmanRuntime/7.29.0"
::1 - - [07/Jun/2022:12:22:26 +0000] "POST /api/add/629f327373deb0295c476d04/foodItem HTTP/1.1" 500 66 "-" "PostmanRuntime/7.29.0"
::1 - - [07/Jun/2022:12:29:48 +0000] "POST /api/add/629f327373deb0295c476d04/foodItem HTTP/1.1" 500 66 "-" "PostmanRuntime/7.29.0"
::1 - - [07/Jun/2022:12:30:43 +0000] "POST /api/add/629f327373deb0295c476d04/foodItem HTTP/1.1" 201 318 "-" "PostmanRuntime/7.29.0"
::1 - - [07/Jun/2022:12:36:03 +0000] "POST /api/add/restaurant HTTP/1.1" 200 88 "-" "PostmanRuntime/7.29.0"
::1 - - [07/Jun/2022:13:06:01 +0000] "POST /api/add/629f327373deb0295c476d04/foodItem HTTP/1.1" 201 318 "-" "PostmanRuntime/7.29.0"
::1 - - [07/Jun/2022:13:18:53 +0000] "POST /api/add/629f327373deb0295c476d04/foodItem HTTP/1.1" 200 106 "-" "PostmanRuntime/7.29.0"
::1 - - [07/Jun/2022:13:19:52 +0000] "POST /api/add/629f327373deb0295c476d04/foodItem HTTP/1.1" 200 106 "-" "PostmanRuntime/7.29.0"
::1 - - [07/Jun/2022:13:23:34 +0000] "POST /api/add/629f327373deb0295c476d04/foodItem HTTP/1.1" 200 106 "-" "PostmanRuntime/7.29.0"
::1 - - [07/Jun/2022:13:23:37 +0000] "POST /api/add/restaurant HTTP/1.1" 200 88 "-" "PostmanRuntime/7.29.0"
::1 - - [07/Jun/2022:13:37:08 +0000] "GET /api/restaurant HTTP/1.1" 200 398 "-" "PostmanRuntime/7.29.0"
::1 - - [07/Jun/2022:13:46:36 +0000] "GET /629f327373deb0295c476d04/menu HTTP/1.1" 404 168 "-" "PostmanRuntime/7.29.0"
::1 - - [07/Jun/2022:13:48:25 +0000] "GET /629f327373deb0295c476d04/menu HTTP/1.1" 404 168 "-" "PostmanRuntime/7.29.0"
::1 - - [07/Jun/2022:13:50:27 +0000] "GET /629f327373deb0295c476d04/menu HTTP/1.1" 404 168 "-" "PostmanRuntime/7.29.0"
::1 - - [07/Jun/2022:13:50:37 +0000] "GET /api/629f327373deb0295c476d04/menu HTTP/1.1" 200 228 "-" "PostmanRuntime/7.29.0"
::1 - - [07/Jun/2022:13:51:10 +0000] "GET /api/629f327373deb0295c476d04/menu HTTP/1.1" 200 39 "-" "PostmanRuntime/7.29.0"
::1 - - [07/Jun/2022:13:51:31 +0000] "GET /api/629f327373deb0295c476d04/menu HTTP/1.1" 200 39 "-" "PostmanRuntime/7.29.0"
::1 - - [07/Jun/2022:13:52:02 +0000] "GET /api/629f327373deb0295c476d04/menu HTTP/1.1" 200 267 "-" "PostmanRuntime/7.29.0"
::1 - - [07/Jun/2022:13:53:34 +0000] "POST /api/add/629f327373deb0295c476d04/foodItem HTTP/1.1" 200 106 "-" "PostmanRuntime/7.29.0"
::1 - - [07/Jun/2022:13:54:02 +0000] "POST /api/add/629f327373deb0295c476d04/foodItem HTTP/1.1" 200 106 "-" "PostmanRuntime/7.29.0"
::1 - - [07/Jun/2022:13:54:56 +0000] "POST /api/add/restaurant HTTP/1.1" 201 272 "-" "PostmanRuntime/7.29.0"
::1 - - [07/Jun/2022:13:56:08 +0000] "POST /api/add/629f327373deb0295c476d04/foodItem HTTP/1.1" 200 106 "-" "PostmanRuntime/7.29.0"
::1 - - [07/Jun/2022:13:56:41 +0000] "POST /api/add/629f327373deb0295c476d04/foodItem HTTP/1.1" 200 106 "-" "PostmanRuntime/7.29.0"
::1 - - [07/Jun/2022:13:58:09 +0000] "POST /api/add/629f327373deb0295c476d04/foodItem HTTP/1.1" 200 106 "-" "PostmanRuntime/7.29.0"
::1 - - [07/Jun/2022:13:59:06 +0000] "POST /api/add/629f327373deb0295c476d04/foodItem HTTP/1.1" 200 106 "-" "PostmanRuntime/7.29.0"
::1 - - [07/Jun/2022:14:02:15 +0000] "POST /api/add/629f327373deb0295c476d04/foodItem HTTP/1.1" 201 300 "-" "PostmanRuntime/7.29.0"
::1 - - [07/Jun/2022:14:02:29 +0000] "GET /api/629f327373deb0295c476d04/menu HTTP/1.1" 200 468 "-" "PostmanRuntime/7.29.0"
::1 - - [07/Jun/2022:14:03:03 +0000] "POST /api/add/629f327373deb0295c476d04/foodItem HTTP/1.1" 201 300 "-" "PostmanRuntime/7.29.0"
::1 - - [07/Jun/2022:14:03:41 +0000] "POST /api/add/629f327373deb0295c476d04/foodItem HTTP/1.1" 201 300 "-" "PostmanRuntime/7.29.0"
::1 - - [07/Jun/2022:14:04:14 +0000] "POST /api/add/629f327373deb0295c476d04/foodItem HTTP/1.1" 201 300 "-" "PostmanRuntime/7.29.0"
::1 - - [07/Jun/2022:14:05:30 +0000] "POST /api/add/629f327373deb0295c476d04/foodItem HTTP/1.1" 201 300 "-" "PostmanRuntime/7.29.0"
::1 - - [07/Jun/2022:14:06:38 +0000] "POST /api/add/629f327373deb0295c476d04/foodItem HTTP/1.1" 201 300 "-" "PostmanRuntime/7.29.0"
::1 - - [07/Jun/2022:14:09:45 +0000] "POST /api/add/629f327373deb0295c476d04/foodItem HTTP/1.1" 200 106 "-" "PostmanRuntime/7.29.0"
::1 - - [07/Jun/2022:14:10:44 +0000] "GET /api/restaurant HTTP/1.1" 200 717 "-" "PostmanRuntime/7.29.0"
::1 - - [07/Jun/2022:14:11:07 +0000] "GET /api/629f327373deb0295c476d04/menu HTTP/1.1" 200 468 "-" "PostmanRuntime/7.29.0"
::1 - - [08/Jun/2022:05:23:12 +0000] "POST /api/login HTTP/1.1" 200 259 "-" "PostmanRuntime/7.29.0"
::1 - - [08/Jun/2022:05:24:18 +0000] "GET /api/629f327373deb0295c476d04/menu HTTP/1.1" 500 34 "-" "PostmanRuntime/7.29.0"
::1 - - [08/Jun/2022:05:24:43 +0000] "GET /api/629f327373deb0295c476d04/menu HTTP/1.1" 200 468 "-" "PostmanRuntime/7.29.0"
::1 - - [08/Jun/2022:05:24:57 +0000] "POST /api/629f327373deb0295c476d04/cart/629f44f3d55187cd176bf7db HTTP/1.1" 500 90 "-" "PostmanRuntime/7.29.0"
::1 - - [08/Jun/2022:05:26:44 +0000] "POST /api/629f327373deb0295c476d04/cart/629f44f3d55187cd176bf7db HTTP/1.1" 201 35 "-" "PostmanRuntime/7.29.0"
::1 - - [08/Jun/2022:05:27:15 +0000] "GET /api/cart HTTP/1.1" 200 336 "-" "PostmanRuntime/7.29.0"
::1 - - [08/Jun/2022:05:31:01 +0000] "POST /api/629f327373deb0295c476d04/cart/629f44f3d55187cd176bf7db HTTP/1.1" 201 35 "-" "PostmanRuntime/7.29.0"
::1 - - [08/Jun/2022:05:31:04 +0000] "GET /api/cart HTTP/1.1" 200 336 "-" "PostmanRuntime/7.29.0"
::1 - - [08/Jun/2022:05:31:47 +0000] "POST /api/629f327373deb0295c476d04/cart/629f5a673f617b5a497bc8c4 HTTP/1.1" 201 35 "-" "PostmanRuntime/7.29.0"
::1 - - [08/Jun/2022:05:31:50 +0000] "GET /api/cart HTTP/1.1" 200 597 "-" "PostmanRuntime/7.29.0"
::1 - - [08/Jun/2022:05:37:44 +0000] "GET /api/629f327373deb0295c476d04/cart-delete/629f5a673f617b5a497bc8c4 HTTP/1.1" 404 204 "-" "PostmanRuntime/7.29.0"
::1 - - [08/Jun/2022:05:38:16 +0000] "POST /api/629f327373deb0295c476d04/cart-delete/629f5a673f617b5a497bc8c4 HTTP/1.1" 200 43 "-" "PostmanRuntime/7.29.0"
::1 - - [08/Jun/2022:05:40:13 +0000] "POST /api/629f327373deb0295c476d04/cart-delete/629f5a673f617b5a497bc8c4 HTTP/1.1" 200 43 "-" "PostmanRuntime/7.29.0"
::1 - - [08/Jun/2022:05:41:32 +0000] "GET /api/cart HTTP/1.1" 200 336 "-" "PostmanRuntime/7.29.0"
::1 - - [08/Jun/2022:06:31:53 +0000] "POST /api/create-order HTTP/1.1" 201 452 "-" "PostmanRuntime/7.29.0"
::1 - - [08/Jun/2022:06:35:40 +0000] "GET /api/orders HTTP/1.1" 200 453 "-" "PostmanRuntime/7.29.0"
::1 - - [08/Jun/2022:07:56:17 +0000] "PUT /api/register HTTP/1.1" 409 35 "-" "PostmanRuntime/7.29.0"
::1 - - [08/Jun/2022:07:57:01 +0000] "PUT /api/register HTTP/1.1" 201 63 "-" "PostmanRuntime/7.29.0"
::1 - - [08/Jun/2022:08:01:02 +0000] "PUT /api/register HTTP/1.1" 409 35 "-" "PostmanRuntime/7.29.0"
::1 - - [08/Jun/2022:08:06:41 +0000] "PUT /api/register HTTP/1.1" 409 35 "-" "PostmanRuntime/7.29.0"
::1 - - [08/Jun/2022:08:12:00 +0000] "POST /api/login HTTP/1.1" 200 259 "-" "PostmanRuntime/7.29.0"
::1 - - [08/Jun/2022:08:12:24 +0000] "POST /api/add/restaurant HTTP/1.1" 409 88 "-" "PostmanRuntime/7.29.0"
::1 - - [08/Jun/2022:08:13:23 +0000] "POST /api/add/restaurant HTTP/1.1" 201 256 "-" "PostmanRuntime/7.29.0"
::1 - - [08/Jun/2022:08:21:05 +0000] "POST /api/add/restaurant HTTP/1.1" 201 256 "-" "PostmanRuntime/7.29.0"
::1 - - [08/Jun/2022:08:22:43 +0000] "POST /api/add/629f58b02e68a7b85c2636cf/foodItem HTTP/1.1" 201 276 "-" "PostmanRuntime/7.29.0"
::1 - - [08/Jun/2022:08:23:21 +0000] "POST /api/add/629f58b02e68a7b85c2636cf/foodItem HTTP/1.1" 409 106 "-" "PostmanRuntime/7.29.0"
::1 - - [08/Jun/2022:10:50:32 +0000] "POST /api/cart HTTP/1.1" 201 35 "-" "PostmanRuntime/7.29.0"
::1 - - [08/Jun/2022:10:51:43 +0000] "GET /api/cart HTTP/1.1" 200 294 "-" "PostmanRuntime/7.29.0"
::1 - - [08/Jun/2022:10:52:35 +0000] "POST /api/cart HTTP/1.1" 201 35 "-" "PostmanRuntime/7.29.0"
::1 - - [08/Jun/2022:10:52:39 +0000] "GET /api/cart HTTP/1.1" 200 294 "-" "PostmanRuntime/7.29.0"
::1 - - [08/Jun/2022:10:52:56 +0000] "POST /api/cart-delete HTTP/1.1" 200 43 "-" "PostmanRuntime/7.29.0"
::1 - - [08/Jun/2022:11:00:33 +0000] "POST /api/add/foodItem HTTP/1.1" 201 279 "-" "PostmanRuntime/7.29.0"
::1 - - [08/Jun/2022:11:03:43 +0000] "GET /api/menu HTTP/1.1" 200 468 "-" "PostmanRuntime/7.29.0"
